<?xml version="1.0" encoding="UTF-8"?>
<!-- Generated by org.testng.reporters.JUnitXMLReporter -->
<testsuite ignored="2" hostname="DESKTOP-SCH351S" failures="1" tests="1" name="chromeTest" time="0.543" errors="0" timestamp="2025-03-21T13:42:03 IST">
  <testcase classname="TestExecution.Runtestcase" name="execute_testcase2" time="0.061">
    <failure type="java.lang.NullPointerException" message="Cannot invoke &amp;quot;org.openqa.selenium.WebDriver.findElements(org.openqa.selenium.By)&amp;quot; because &amp;quot;com.mypractise.Addtocart.driver&amp;quot; is null">
      <![CDATA[java.lang.NullPointerException: Cannot invoke "org.openqa.selenium.WebDriver.findElements(org.openqa.selenium.By)" because "com.mypractise.Addtocart.driver" is null
at com.mypractise.Addtocart.proceedtocart(Addtocart.java:37)
at TestExecution.Runtestcase.execute_testcase2(Runtestcase.java:27)
at java.base/java.util.ArrayList.forEach(ArrayList.java:1597)
at java.base/java.util.concurrent.FutureTask.run(FutureTask.java:317)
at java.base/java.util.concurrent.ThreadPoolExecutor.runWorker(ThreadPoolExecutor.java:1144)
at java.base/java.util.concurrent.ThreadPoolExecutor$Worker.run(ThreadPoolExecutor.java:642)
at java.base/java.lang.Thread.run(Thread.java:1570)
... Removed 16 stack frames]]>
    </failure>
  </testcase> <!-- execute_testcase2 -->
  <testcase classname="TestExecution.login_swaglab" name="login" time="0.0">
    <ignored/>
  </testcase> <!-- login -->
  <testcase classname="TestExecution.Runtestcase" name="execute_testcase1" time="0.0">
    <ignored/>
  </testcase> <!-- execute_testcase1 -->
</testsuite> <!-- chromeTest -->
