<?xml version="1.0" encoding="UTF-8"?>
<!-- Generated by org.testng.reporters.JUnitXMLReporter -->
<testsuite ignored="1" hostname="DESKTOP-SCH351S" failures="1" tests="1" name="EdgeTest" time="40.706" errors="0" timestamp="2025-03-21T13:42:44 IST">
  <testcase classname="TestExecution.Runtestcase" name="execute_testcase2" time="10.58">
    <failure type="java.lang.NullPointerException" message="Cannot invoke &amp;quot;String.isEmpty()&amp;quot; because &amp;quot;url&amp;quot; is null">
      <![CDATA[java.lang.NullPointerException: Cannot invoke "String.isEmpty()" because "url" is null
at com.mypractise.Addtocart.valid_all_URLs(Addtocart.java:64)
at com.mypractise.Addtocart.proceedtocart(Addtocart.java:55)
at TestExecution.Runtestcase.execute_testcase2(Runtestcase.java:27)
at java.base/java.util.ArrayList.forEach(ArrayList.java:1597)
at java.base/java.util.concurrent.FutureTask.run(FutureTask.java:317)
at java.base/java.util.concurrent.ThreadPoolExecutor.runWorker(ThreadPoolExecutor.java:1144)
at java.base/java.util.concurrent.ThreadPoolExecutor$Worker.run(ThreadPoolExecutor.java:642)
at java.base/java.lang.Thread.run(Thread.java:1570)
... Removed 16 stack frames]]>
    </failure>
  </testcase> <!-- execute_testcase2 -->
  <testcase classname="TestExecution.Runtestcase" name="execute_testcase1" time="0.0">
    <ignored/>
  </testcase> <!-- execute_testcase1 -->
</testsuite> <!-- EdgeTest -->
